<?xml version="1.0" encoding="UTF-8"?>
<!-- Generated by org.testng.reporters.JUnitReportReporter -->
<testsuite hostname="Monika-PC" failures="0" tests="1" name="com.ap.testcase.ProductPageTest" time="30.671" errors="0" timestamp="14 Jun 2018 14:16:30 GMT">
  <testcase classname="com.ap.testcase.ProductPageTest" name="Test1" time="30.671"/>
</testsuite> <!-- com.ap.testcase.ProductPageTest -->
